<?xml version="1.0" encoding="UTF-8" ?>
<testsuite tests="3" failures="3" name="com.sg.vendingmachine.dao.VendingMachineDaoTest" time="0.01" errors="0" skipped="0">
  <properties>
[...]
</properties>
  <testcase classname="com.sg.vendingmachine.dao.VendingMachineDaoTest" name="com.sg.vendingmachine.dao.VendingMachineDaoTest.testListAllItems" time="0.009">
    <failure message="-_- Could not load receipt data into memory." type="com.sg.vendingmachine.dao.VendingMachinePersistenceException">com.sg.vendingmachine.dao.VendingMachinePersistenceException: -_- Could not load receipt data into memory.
	at com.sg.vendingmachine.dao.VendingMachineDaoFileImpl.loadReceipt(VendingMachineDaoFileImpl.java:75)
	at com.sg.vendingmachine.dao.VendingMachineDaoFileImpl.getAllItems(VendingMachineDaoFileImpl.java:44)
	at com.sg.vendingmachine.dao.VendingMachineDaoTest.testListAllItems(VendingMachineDaoTest.java:87)
Caused by: java.io.FileNotFoundException: TESTreceipt.txt (No such file or directory)
	at java.base/java.io.FileInputStream.open0(Native Method)
	at java.base/java.io.FileInputStream.open(FileInputStream.java:213)
	at java.base/java.io.FileInputStream.&lt;init&gt;(FileInputStream.java:155)
	at java.base/java.io.FileInputStream.&lt;init&gt;(FileInputStream.java:110)
	at java.base/java.io.FileReader.&lt;init&gt;(FileReader.java:60)
	at com.sg.vendingmachine.dao.VendingMachineDaoFileImpl.loadReceipt(VendingMachineDaoFileImpl.java:71)
	... 20 more
</failure>
  </testcase>
  <testcase classname="com.sg.vendingmachine.dao.VendingMachineDaoTest" name="com.sg.vendingmachine.dao.VendingMachineDaoTest.testGetItem" time="0.001">
    <failure message="-_- Could not load receipt data into memory." type="com.sg.vendingmachine.dao.VendingMachinePersistenceException">com.sg.vendingmachine.dao.VendingMachinePersistenceException: -_- Could not load receipt data into memory.
	at com.sg.vendingmachine.dao.VendingMachineDaoFileImpl.loadReceipt(VendingMachineDaoFileImpl.java:75)
	at com.sg.vendingmachine.dao.VendingMachineDaoFileImpl.getItem(VendingMachineDaoFileImpl.java:51)
	at com.sg.vendingmachine.dao.VendingMachineDaoTest.testGetItem(VendingMachineDaoTest.java:98)
Caused by: java.io.FileNotFoundException: TESTreceipt.txt (No such file or directory)
	at java.base/java.io.FileInputStream.open0(Native Method)
	at java.base/java.io.FileInputStream.open(FileInputStream.java:213)
	at java.base/java.io.FileInputStream.&lt;init&gt;(FileInputStream.java:155)
	at java.base/java.io.FileInputStream.&lt;init&gt;(FileInputStream.java:110)
	at java.base/java.io.FileReader.&lt;init&gt;(FileReader.java:60)
	at com.sg.vendingmachine.dao.VendingMachineDaoFileImpl.loadReceipt(VendingMachineDaoFileImpl.java:71)
	... 20 more
</failure>
  </testcase>
  <testcase classname="com.sg.vendingmachine.dao.VendingMachineDaoTest" name="com.sg.vendingmachine.dao.VendingMachineDaoTest.testPurchaseItem" time="0">
    <failure message="-_- Could not load receipt data into memory." type="com.sg.vendingmachine.dao.VendingMachinePersistenceException">com.sg.vendingmachine.dao.VendingMachinePersistenceException: -_- Could not load receipt data into memory.
	at com.sg.vendingmachine.dao.VendingMachineDaoFileImpl.loadReceipt(VendingMachineDaoFileImpl.java:75)
	at com.sg.vendingmachine.dao.VendingMachineDaoFileImpl.getItem(VendingMachineDaoFileImpl.java:51)
	at com.sg.vendingmachine.dao.VendingMachineDaoFileImpl.purchaseItem(VendingMachineDaoFileImpl.java:59)
	at com.sg.vendingmachine.dao.VendingMachineDaoTest.testPurchaseItem(VendingMachineDaoTest.java:107)
Caused by: java.io.FileNotFoundException: TESTreceipt.txt (No such file or directory)
	at java.base/java.io.FileInputStream.open0(Native Method)
	at java.base/java.io.FileInputStream.open(FileInputStream.java:213)
	at java.base/java.io.FileInputStream.&lt;init&gt;(FileInputStream.java:155)
	at java.base/java.io.FileInputStream.&lt;init&gt;(FileInputStream.java:110)
	at java.base/java.io.FileReader.&lt;init&gt;(FileReader.java:60)
	at com.sg.vendingmachine.dao.VendingMachineDaoFileImpl.loadReceipt(VendingMachineDaoFileImpl.java:71)
	... 21 more
</failure>
  </testcase>
</testsuite>